<?xml version="1.0" encoding="UTF-8"?>
<testng-results ignored="0" total="1" passed="1" failed="0" skipped="0">
  <reporter-output>
  </reporter-output>
  <suite started-at="2024-10-23T22:18:47 IST" name="Default suite" finished-at="2024-10-23T22:19:32 IST" duration-ms="45128">
    <groups>
    </groups>
    <test started-at="2024-10-23T22:18:47 IST" name="Default test" finished-at="2024-10-23T22:19:32 IST" duration-ms="45128">
      <class name="Pom.ReadPrivateMenmber">
        <test-method signature="main()[pri:0, instance:Pom.ReadPrivateMenmber@537f60bf]" started-at="2024-10-23T22:18:47 IST" name="main" finished-at="2024-10-23T22:19:32 IST" duration-ms="45063" status="PASS">
          <reporter-output>
          </reporter-output>
        </test-method> <!-- main -->
      </class> <!-- Pom.ReadPrivateMenmber -->
    </test> <!-- Default test -->
  </suite> <!-- Default suite -->
</testng-results>
